0 info it worked if it ends with ok
1 verbose cli [ '/home/bear/.nvm/versions/node/v6.6.0/bin/node',
1 verbose cli   '/home/bear/.nvm/versions/node/v6.6.0/bin/npm',
1 verbose cli   'version',
1 verbose cli   'major' ]
2 info using npm@4.0.5
3 info using node@v6.6.0
4 info git [ 'status', '--porcelain' ]
5 verbose stack Error: Git working directory not clean.
5 verbose stack M package.json
5 verbose stack     at /home/bear/.nvm/versions/node/v6.6.0/lib/node_modules/npm/lib/version.js:247:19
5 verbose stack     at /home/bear/.nvm/versions/node/v6.6.0/lib/node_modules/npm/lib/utils/no-progress-while-running.js:21:8
5 verbose stack     at ChildProcess.exithandler (child_process.js:197:7)
5 verbose stack     at emitTwo (events.js:106:13)
5 verbose stack     at ChildProcess.emit (events.js:191:7)
5 verbose stack     at maybeClose (internal/child_process.js:877:16)
5 verbose stack     at Socket.<anonymous> (internal/child_process.js:334:11)
5 verbose stack     at emitOne (events.js:96:13)
5 verbose stack     at Socket.emit (events.js:188:7)
5 verbose stack     at Pipe._handle.close [as _onclose] (net.js:493:12)
6 verbose cwd /home/bear/Desktop/node_prac
7 error Linux 4.4.0-53-generic
8 error argv "/home/bear/.nvm/versions/node/v6.6.0/bin/node" "/home/bear/.nvm/versions/node/v6.6.0/bin/npm" "version" "major"
9 error node v6.6.0
10 error npm  v4.0.5
11 error Git working directory not clean.
11 error M package.json
12 error If you need help, you may report this error at:
12 error     <https://github.com/npm/npm/issues>
13 verbose exit [ 1, true ]
